<?xml version="1.0" encoding="UTF-8"?>
<!-- Generated by org.testng.reporters.JUnitReportReporter -->
<testsuite hostname="RADHEKRISHNA" failures="0" tests="4" name="tutorialNinja.Tutorial" time="130.871" errors="0" timestamp="20 May 2023 18:00:51 GMT" skipped="0">
  <testcase classname="tutorialNinja.Tutorial" name="register" time="27.023"/>
  <testcase classname="tutorialNinja.Tutorial" name="login" time="23.093"/>
  <testcase classname="tutorialNinja.Tutorial" name="addtcart" time="30.058"/>
  <testcase classname="tutorialNinja.Tutorial" name="checkout" time="50.697"/>
</testsuite> <!-- tutorialNinja.Tutorial -->
